c:\users\windows 7\documents\git repos\малистов\refactoring_1\proclib\release\proclibimp.obj
c:\users\windows 7\documents\git repos\малистов\refactoring_1\proclib\release\dllexport.obj
c:\users\windows 7\documents\git repos\малистов\refactoring_1\proclib\release\vc100.pdb
c:\users\windows 7\documents\git repos\малистов\refactoring_1\release\proclib.dll
c:\users\windows 7\documents\git repos\малистов\refactoring_1\proclib\release\proclib.dll.intermediate.manifest
c:\users\windows 7\documents\git repos\малистов\refactoring_1\release\proclib.pdb
c:\users\windows 7\documents\git repos\малистов\refactoring_1\release\proclib.lib
c:\users\windows 7\documents\git repos\малистов\refactoring_1\release\proclib.exp
h:\malistov\refactoring_1\proclib\release\vc140.pdb
h:\malistov\refactoring_1\proclib\release\proclibimp.obj
h:\malistov\refactoring_1\proclib\release\dllexport.obj
h:\malistov\refactoring_1\proclib\release\cl.command.1.tlog
h:\malistov\refactoring_1\proclib\release\cl.read.1.tlog
h:\malistov\refactoring_1\proclib\release\cl.write.1.tlog
h:\malistov\refactoring_1\proclib\release\link.command.1.tlog
h:\malistov\refactoring_1\proclib\release\link.read.1.tlog
h:\malistov\refactoring_1\proclib\release\link.write.1.tlog
h:\malistov\refactoring_1\proclib\release\mt.command.1.tlog
h:\malistov\refactoring_1\proclib\release\mt.read.1.tlog
h:\malistov\refactoring_1\proclib\release\mt.write.1.tlog
h:\malistov\refactoring_1\proclib\release\proclib.write.1.tlog
h:\malistov\refactoring_1\proclib\release\proclib.dll.intermediate.manifest
h:\malistov\refactoring_1\proclib\release\vc100.pdb
h:\malistov\refactoring_1\release\proclib.pdb
h:\malistov\refactoring_1\proclib\release\proclib.tlog\cl.command.1.tlog
h:\malistov\refactoring_1\proclib\release\proclib.tlog\cl.read.1.tlog
h:\malistov\refactoring_1\proclib\release\proclib.tlog\cl.write.1.tlog
h:\malistov\refactoring_1\proclib\release\proclib.tlog\link-cvtres.read.1.tlog
h:\malistov\refactoring_1\proclib\release\proclib.tlog\link-cvtres.write.1.tlog
h:\malistov\refactoring_1\proclib\release\proclib.tlog\link-rc.read.1.tlog
h:\malistov\refactoring_1\proclib\release\proclib.tlog\link-rc.write.1.tlog
h:\malistov\refactoring_1\proclib\release\proclib.tlog\link.command.1.tlog
h:\malistov\refactoring_1\proclib\release\proclib.tlog\link.read.1.tlog
h:\malistov\refactoring_1\proclib\release\proclib.tlog\link.write.1.tlog
