h:\рефакторинг\refactoring_1\refactoring_1\debug\ref_1.obj
h:\рефакторинг\refactoring_1\refactoring_1\debug\vc100.pdb
h:\рефакторинг\refactoring_1\refactoring_1\debug\action_module.obj
c:\users\windows 7\documents\git repos\малистов\refactoring_1\refactoring_1\debug\action_module.obj
c:\users\windows 7\documents\git repos\малистов\refactoring_1\refactoring_1\debug\ref_1.obj
c:\users\windows 7\documents\git repos\малистов\refactoring_1\refactoring_1\debug\vc100.pdb
h:\рефакторинг\refactoring_1\debug\refactoring_1.pdb
c:\users\windows 7\documents\git repos\малистов\refactoring_1\debug\refactoring_1.ilk
c:\users\windows 7\documents\git repos\малистов\refactoring_1\debug\refactoring_1.exe
c:\users\windows 7\documents\git repos\малистов\refactoring_1\refactoring_1\debug\refactoring_1.exe.intermediate.manifest
c:\users\windows 7\documents\git repos\малистов\refactoring_1\debug\refactoring_1.pdb
c:\users\windows 7\documents\git repos\малистов\refactoring_1\refactoring_1\debug\refactoring_1.exe.embed.manifest.res
h:\malistov\refactoring_1\refactoring_1\debug\refactoring_1.vcxprojresolveassemblyreference.cache
h:\malistov\refactoring_1\refactoring_1\debug\action_module.obj
h:\malistov\refactoring_1\refactoring_1\debug\ref_1.obj
h:\malistov\refactoring_1\refactoring_1\debug\cl.command.1.tlog
h:\malistov\refactoring_1\refactoring_1\debug\cl.read.1.tlog
h:\malistov\refactoring_1\refactoring_1\debug\cl.write.1.tlog
h:\malistov\refactoring_1\refactoring_1\debug\link-cvtres.read.1.tlog
h:\malistov\refactoring_1\refactoring_1\debug\link-cvtres.write.1.tlog
h:\malistov\refactoring_1\refactoring_1\debug\link.16556-cvtres.read.1.tlog
h:\malistov\refactoring_1\refactoring_1\debug\link.16556-cvtres.write.1.tlog
h:\malistov\refactoring_1\refactoring_1\debug\link.16556.read.1.tlog
h:\malistov\refactoring_1\refactoring_1\debug\link.16556.write.1.tlog
h:\malistov\refactoring_1\refactoring_1\debug\link.22280-cvtres.read.1.tlog
h:\malistov\refactoring_1\refactoring_1\debug\link.22280-cvtres.write.1.tlog
h:\malistov\refactoring_1\refactoring_1\debug\link.22280.read.1.tlog
h:\malistov\refactoring_1\refactoring_1\debug\link.22280.write.1.tlog
h:\malistov\refactoring_1\refactoring_1\debug\link.25716-cvtres.read.1.tlog
h:\malistov\refactoring_1\refactoring_1\debug\link.25716-cvtres.write.1.tlog
h:\malistov\refactoring_1\refactoring_1\debug\link.25716.read.1.tlog
h:\malistov\refactoring_1\refactoring_1\debug\link.25716.write.1.tlog
h:\malistov\refactoring_1\refactoring_1\debug\link.26244-cvtres.read.1.tlog
h:\malistov\refactoring_1\refactoring_1\debug\link.26244-cvtres.write.1.tlog
h:\malistov\refactoring_1\refactoring_1\debug\link.26244.read.1.tlog
h:\malistov\refactoring_1\refactoring_1\debug\link.26244.write.1.tlog
h:\malistov\refactoring_1\refactoring_1\debug\link.7696-cvtres.read.1.tlog
h:\malistov\refactoring_1\refactoring_1\debug\link.7696-cvtres.write.1.tlog
h:\malistov\refactoring_1\refactoring_1\debug\link.7696.read.1.tlog
h:\malistov\refactoring_1\refactoring_1\debug\link.7696.write.1.tlog
h:\malistov\refactoring_1\refactoring_1\debug\link.command.1.tlog
h:\malistov\refactoring_1\refactoring_1\debug\link.read.1.tlog
h:\malistov\refactoring_1\refactoring_1\debug\link.write.1.tlog
h:\malistov\refactoring_1\refactoring_1\debug\mt.command.1.tlog
h:\malistov\refactoring_1\refactoring_1\debug\mt.read.1.tlog
h:\malistov\refactoring_1\refactoring_1\debug\mt.write.1.tlog
h:\malistov\refactoring_1\refactoring_1\debug\rc.command.1.tlog
h:\malistov\refactoring_1\refactoring_1\debug\rc.read.1.tlog
h:\malistov\refactoring_1\refactoring_1\debug\rc.write.1.tlog
h:\malistov\refactoring_1\refactoring_1\debug\refactoring_1.write.1.tlog
h:\malistov\refactoring_1\refactoring_1\debug\refactoring_1.exe.embed.manifest
h:\malistov\refactoring_1\refactoring_1\debug\refactoring_1.exe.intermediate.manifest
h:\malistov\refactoring_1\refactoring_1\debug\refactoring_1.exe.embed.manifest.res
h:\malistov\refactoring_1\refactoring_1\debug\vc100.idb
h:\malistov\refactoring_1\refactoring_1\debug\vc100.pdb
h:\malistov\refactoring_1\refactoring_1\debug\refactoring_1_manifest.rc
h:\malistov\refactoring_1\debug\refactoring_1.pdb
h:\malistov\refactoring_1\debug\refactoring_1.exe
h:\malistov\refactoring_1\debug\refactoring_1.ilk
