c:\users\windows 7\documents\git repos\малистов\refactoring_1\proclib\debug\dllexport.obj
c:\users\windows 7\documents\git repos\малистов\refactoring_1\proclib\debug\proclibimp.obj
c:\users\windows 7\documents\git repos\малистов\refactoring_1\proclib\debug\vc100.pdb
c:\users\windows 7\documents\git repos\малистов\refactoring_1\debug\proclib.ilk
c:\users\windows 7\documents\git repos\малистов\refactoring_1\debug\proclib.dll
c:\users\windows 7\documents\git repos\малистов\refactoring_1\proclib\debug\proclib.dll.intermediate.manifest
c:\users\windows 7\documents\git repos\малистов\refactoring_1\debug\proclib.pdb
c:\users\windows 7\documents\git repos\малистов\refactoring_1\debug\proclib.lib
c:\users\windows 7\documents\git repos\малистов\refactoring_1\debug\proclib.exp
h:\malistov\refactoring_1\proclib\debug\vc140.pdb
h:\malistov\refactoring_1\proclib\debug\vc140.idb
h:\malistov\refactoring_1\proclib\debug\dllexport.obj
h:\malistov\refactoring_1\proclib\debug\proclibimp.obj
h:\malistov\refactoring_1\proclib\debug\cl.command.1.tlog
h:\malistov\refactoring_1\proclib\debug\cl.read.1.tlog
h:\malistov\refactoring_1\proclib\debug\cl.write.1.tlog
h:\malistov\refactoring_1\proclib\debug\link.command.1.tlog
h:\malistov\refactoring_1\proclib\debug\link.read.1.tlog
h:\malistov\refactoring_1\proclib\debug\link.write.1.tlog
h:\malistov\refactoring_1\proclib\debug\mt.command.1.tlog
h:\malistov\refactoring_1\proclib\debug\mt.read.1.tlog
h:\malistov\refactoring_1\proclib\debug\mt.write.1.tlog
h:\malistov\refactoring_1\proclib\debug\proclib.write.1.tlog
h:\malistov\refactoring_1\proclib\debug\proclib.dll.intermediate.manifest
h:\malistov\refactoring_1\proclib\debug\vc100.idb
h:\malistov\refactoring_1\proclib\debug\vc100.pdb
h:\malistov\refactoring_1\debug\proclib.pdb
h:\malistov\refactoring_1\proclib\debug\proclib.tlog\cl.command.1.tlog
h:\malistov\refactoring_1\proclib\debug\proclib.tlog\cl.read.1.tlog
h:\malistov\refactoring_1\proclib\debug\proclib.tlog\cl.write.1.tlog
h:\malistov\refactoring_1\proclib\debug\proclib.tlog\link-cvtres.read.1.tlog
h:\malistov\refactoring_1\proclib\debug\proclib.tlog\link-cvtres.write.1.tlog
h:\malistov\refactoring_1\proclib\debug\proclib.tlog\link-rc.read.1.tlog
h:\malistov\refactoring_1\proclib\debug\proclib.tlog\link-rc.write.1.tlog
h:\malistov\refactoring_1\proclib\debug\proclib.tlog\link.command.1.tlog
h:\malistov\refactoring_1\proclib\debug\proclib.tlog\link.read.1.tlog
h:\malistov\refactoring_1\proclib\debug\proclib.tlog\link.write.1.tlog
